1499079920.4298198: dummy created
1499079994.4110515: dummy created
1499080100.34011: dummy created
Total: 1: dummy Fit
dummy #1 created at time: 1501194724.0978036
dummy #1 created at time: 1501275299.6355731
dummy #1 created at time: 1501275522.7333338
Total: 1: dummy Predict
dummy #1 created at time: 1501275642.728197
Total: 1: dummy Predict
dummy #1 created at time: 1501275762.963074
Total: 1: dummy Predict
[[ 0.  0.  0. ...,  0.  0.  0.]]dummy #1 created at time: 1501280887.5321827
dummy #1 created at time: 1501281012.1083083
dummy #1, fit called at time:0.06400346755981445, execution time: -2.0001142024993896 Total call:1 
dummy #2 created at time: 1501281039.4048693
dummy #2, fit called at time:0.06500387191772461, execution time: -2.0001144409179688 Total call:1 
dummy #1 created at time: 1502475234.0241938
Reading file 
File read 
dummy #1 created at time: 1502475274.8995318
Reading file 
File read 
dummy #1 created at time: 1502560168.18515
dummy #1, fit called at time:0.0, execution time: -2.0001144409179688 Total call:1 
dummy #1 created at time: 1502560191.0114555
dummy #1, fit called at time:0.0, execution time: -2.0001144409179688 Total call:1 
dummy #1, fit called at time:2.0001144409179688, execution time: -2.0001144409179688 Total call:2 
dummy #1 created at time: 1502560675.8061843
dummy #1, fit called at time:0.0, execution time: -2.0001144409179688 Total call:1 
dummy #1, fit called at time:2.0001144409179688, execution time: -2.0001144409179688 Total call:2 
dummy #1 created at time: 1502561937.1633298
Reading file 
File read 
dummy #1, fit called at time:0.6230356693267822, execution time: -2.0001144409179688 Total call:1 
Reading file 
dummy #1 created at time: 1502561971.063269
Reading file 
File read 
dummy #1, fit called at time:0.6010341644287109, execution time: -2.0001144409179688 Total call:1 
Reading file 
dummy #1 created at time: 1502561986.63916
Reading file 
File read 
dummy #1, fit called at time:3.376192808151245, execution time: -2.0001144409179688 Total call:1 
Reading file 
dummy #1 created at time: 1502562194.8790703
Reading file 
File read 
dummy #1, fit called at time:0.593034029006958, execution time: -2.0001142024993896 Total call:1 
Reading file 
File read 
dummy #1, fit called at time:2.605149030685425, execution time: -2.0001144409179688 Total call:2 
dummy #2 created at time: 1502562423.543149
Reading file 
dummy #1 created at time: 1502562491.656045
Reading file 
dummy #1 created at time: 1502562628.8178904
Reading file 
dummy #1 created at time: 1502562710.6635714
Reading file 
File read 
dummy #1, fit called at time:0.587033748626709, execution time: -2.0001144409179688 Total call:1 
Reading file 
File read 
dummy #1, fit called at time:58.54934906959534, execution time: -2.0001144409179688 Total call:2 
Reading file 
File read 
dummy #1, fit called at time:73.66721367835999, execution time: -2.0001144409179688 Total call:3 
Reading file 
Reading file 
dummy #2 created at time: 1502562950.9993181
Reading file 
File read 
dummy #2, fit called at time:6.511372089385986, execution time: -2.0001144409179688 Total call:1 
Reading file 
File read 
dummy #2, fit called at time:12.990742683410645, execution time: -2.0001144409179688 Total call:2 
dummy #3 created at time: 1502562994.2317905
Reading file 
File read 
dummy #3, fit called at time:1.0840623378753662, execution time: -2.0001142024993896 Total call:1 
Reading file 
File read 
dummy #3, fit called at time:3.102177619934082, execution time: -2.0001144409179688 Total call:2 
Reading file 
dummy #4 created at time: 1502563036.7072203
Reading file 
File read 
dummy #4, fit called at time:6.598377227783203, execution time: -2.0001144409179688 Total call:1 
Reading file 
File read 
dummy #4, fit called at time:38.578206300735474, execution time: -2.0001144409179688 Total call:2 
Reading file 
dummy #5 created at time: 1502563190.6860273
Reading file 
File read 
dummy #5, fit called at time:6.499371528625488, execution time: -2.0001144409179688 Total call:1 
Reading file 
File read 
dummy #5, fit called at time:9.99757170677185, execution time: -2.0001142024993896 Total call:2 
Reading file 
dummy #6 created at time: 1502563270.792609
Reading file 
File read 
dummy #6, fit called at time:1.1180639266967773, execution time: -2.0001144409179688 Total call:1 
Reading file 
File read 
dummy #6, fit called at time:3.1361794471740723, execution time: -2.0001144409179688 Total call:2 
Reading file 
dummy #7 created at time: 1502563496.0534933
Reading file 
File read 
dummy #7, fit called at time:1.1080632209777832, execution time: -2.0001144409179688 Total call:1 
Reading file 
File read 
dummy #7, fit called at time:3.126178741455078, execution time: -2.0001144409179688 Total call:2 
Reading file 
File read 
dummy #7, fit called at time:5.136293649673462, execution time: -2.0001144409179688 Total call:3 
