Example Regressor #1:  created at time 1502802986.8426173
Reading file 
File read 
Example Regressor #1:  created at time 1502803097.450944
Reading file 
File read 
Example Regressor #1:  created at time 1502803107.7135308
Reading file 
File read 
Example Regressor #1: fit time: 0.04800248146057129, score time: 0.03500223159790039, acc: -0.03570114647445455
Example Regressor #1: predict call with result: [  5.93746541e-04   5.93171535e-04   5.92536899e-04   5.68592171e-04
   4.38884490e-04   4.34353907e-04   7.02887103e-04   7.28463771e-04
   1.20403642e-03   1.21634046e-03   1.62602493e-03   1.60879321e-03
   1.61530872e-03   1.58622593e-03   2.53111690e-03   2.56711401e-03
   2.15538820e-03   2.17313528e-03   2.02601944e-03   2.05899947e-03
   2.20259794e-03   2.15846776e-03   2.24853431e-03   2.26195718e-03
   2.61812236e-05   3.04489752e-05   1.22575908e-04   1.68947533e-04
   1.72805316e-04   1.02005653e-04  -1.29479813e-05  -6.89212533e-05
  -5.31393498e-06   2.54375352e-05   2.98353901e-05   1.21836844e-04
   1.68137312e-04   1.72146867e-04   1.01216444e-04  -1.36486996e-05
  -6.96706334e-05  -5.94124643e-06   5.08387404e-06   3.06439279e-05
   1.11860907e-04   1.21853308e-04   2.02086439e-04   8.85876691e-05
   1.47740841e-05  -1.11497846e-04  -2.21458671e-05  -3.54006935e-04
  -3.01612924e-05  -4.31339000e-05   1.71443518e-04  -1.54674939e-04
  -1.50459887e-04  -1.99828736e-04  -1.48888888e-04   1.42895997e-05
  -3.57990326e-04  -1.61795881e-05  -7.92927328e-05   1.48002773e-04
  -1.52717939e-04  -1.95389103e-04  -1.87860673e-04  -1.48981584e-04
   6.13920636e-05   1.61760336e-04  -1.28490622e-04  -1.07931819e-04
   7.18155188e-05  -8.65461980e-05   2.12870047e-04  -1.38383041e-04
   1.34250730e-04  -4.09767357e-04   1.51014315e-04  -1.47320676e-04
  -1.07452193e-04   5.87652059e-05  -1.06466868e-04   2.13139586e-04
  -1.32735511e-04   1.06378605e-04  -3.92850886e-04   1.72206990e-04
   3.16636775e-05   4.41612444e-05   2.93632629e-05   9.02621529e-05
   1.75978368e-04   2.81165377e-05   1.62057628e-05  -1.52997028e-05
   1.52041799e-04   3.40959583e-05   3.48006572e-05   1.26540927e-05
   5.84876820e-05   1.77802066e-04   3.03982887e-05   9.23485478e-06
  -2.98954854e-05  -7.06351929e-05  -1.64623672e-04   8.25027506e-05
   5.31441840e-05  -8.29578302e-05  -2.62831200e-05  -2.48966082e-05
  -2.18522957e-04  -3.81588603e-05  -9.16231087e-05  -1.87138652e-04
   1.02836459e-04   9.51046705e-05  -6.70813356e-05  -3.40266167e-05
  -9.02762583e-05  -2.30716232e-04  -3.20115120e-05   9.94351309e-05
  -3.10158299e-04   1.54789940e-04  -2.47034990e-04  -3.87907480e-04
  -3.70464081e-04   2.80561045e-04  -2.66588330e-05   3.03601452e-04
   1.23137955e-04  -2.87374212e-04   1.71695940e-04  -2.48758864e-04
  -3.74548033e-04  -3.53844379e-04   2.76712578e-04   1.05122560e-05
   2.88074638e-04   1.74439559e-05  -3.09757521e-04   1.71035033e-04
  -1.36683796e-04   1.50356629e-04   1.77431887e-04   2.67875968e-04
  -3.66987674e-04   5.56155974e-04   3.68640512e-05  -2.74229887e-04
   1.63738674e-04  -1.16846775e-04   1.87505683e-04   1.73200373e-04
   2.55682715e-04  -3.60474188e-04   5.69547421e-04  -2.25193687e-04
  -5.59559431e-04  -3.51501397e-04  -7.20345673e-05   2.15429965e-04
   2.69830297e-04   2.59351229e-04  -1.79599755e-04   2.85283488e-04
  -2.04269448e-04  -5.39116640e-04  -3.85414936e-04  -7.49311901e-05
   1.74940496e-04   2.66338041e-04   2.74886918e-04  -1.60814773e-04
   3.03855950e-04  -4.79752543e-04  -3.60461370e-04   2.98803262e-04
  -1.58919970e-04   7.81740433e-05   1.74322302e-04   7.32687639e-04
   1.16794716e-05   3.45084647e-04  -4.69068973e-04  -3.71975895e-04
   3.35673687e-04  -1.29438622e-04   7.73447678e-05   2.03896508e-04
   6.82237195e-04   3.25003469e-05   3.57638426e-04   2.67865539e-04
  -1.03464978e-04  -3.99698224e-05  -3.63334027e-04  -9.43285566e-05
  -1.71826826e-04   4.51898478e-04  -1.66978769e-04   2.15737842e-04
   2.47823421e-04  -1.08039452e-04  -4.77005029e-06  -3.64682379e-04
  -4.60143259e-05  -1.47171904e-04   4.58849268e-04  -1.48523230e-04
   2.27316516e-04   4.08782561e-04  -2.12555601e-04  -2.18322486e-04
  -4.67772623e-05  -3.53276259e-04   2.61446270e-04  -9.08365505e-05
   3.09890967e-04   3.66314552e-04   3.88401409e-04  -1.82068057e-04
  -2.26781817e-04   2.64727579e-04   3.31215628e-04   1.91844729e-04
  -6.99766802e-04  -1.84619463e-04   1.42217773e-04   1.19749678e-04
   1.78645722e-04   3.78713429e-04   3.74792611e-04   4.47177227e-05
  -4.68756138e-05   9.88237060e-05  -3.46433033e-04  -3.39421303e-05
  -1.77463963e-04  -7.30005660e-04   3.84606030e-04   2.84532051e-05
  -1.36570562e-05   8.41015397e-05   3.72942821e-04   1.97870182e-04
   2.65718261e-04   2.36130904e-04  -1.23140162e-05   2.73428902e-04
   2.77293604e-05  -1.44352204e-05   8.34123991e-05   3.72126134e-04
   1.97020954e-04   2.65061734e-04   2.35320215e-04  -1.29613179e-05
   2.72613457e-04   7.24535324e-05  -4.05944363e-05   4.62497045e-05
   3.53033720e-04   1.97069270e-04   2.74548834e-04   2.42274983e-04
  -4.80818330e-05   2.63590928e-04  -3.27560793e-04   7.45462749e-05
   3.96917018e-05  -9.26839465e-05  -3.55676303e-04   8.68492025e-05
  -1.14279806e-04   2.65736895e-04  -2.14452587e-04  -3.29180591e-04
   6.03262711e-05   6.37192189e-05  -1.17835495e-04  -3.60559435e-04
   7.39748302e-05  -9.58380331e-05   2.84608854e-04  -2.91996969e-04
   2.15952286e-04   2.94907102e-06  -3.60341156e-04  -8.52581825e-05
  -2.60759520e-04   3.49067226e-04   4.64088935e-05   5.18297040e-04
   3.23091562e-04   1.93506777e-04   1.44318150e-05  -3.50924410e-04
  -4.49062705e-05  -2.55556653e-04   3.50126306e-04  -1.26662492e-05
   5.26272186e-04   3.31227355e-04   2.14727285e-04  -2.60579526e-04
   1.82788877e-04  -1.27370079e-04  -4.81479235e-04   3.05873678e-04
  -5.87835205e-05   2.28206371e-04  -2.84746319e-05   1.73760236e-04
  -2.59749003e-04   1.62280236e-04  -1.26709203e-04  -4.89937004e-04
   3.01925732e-04  -3.41111889e-05   2.53407808e-04  -2.76382760e-05
   2.33385861e-04  -2.74822816e-04  -1.23447593e-04  -1.06344835e-04
   1.13521973e-04   4.07830964e-04  -2.19248692e-04   3.08754411e-05
   2.53621064e-04   2.23230787e-04  -2.95459972e-04  -1.22237243e-04
  -9.62542141e-05   1.29229078e-04   4.16026273e-04  -1.98095448e-04
   1.90340947e-05   2.44238125e-04   1.19110036e-04  -3.70563358e-04
  -3.41234891e-04   3.11217704e-04  -4.11088139e-04  -1.73845727e-04
  -6.81534221e-04  -2.82833669e-04   5.41696043e-04   5.58393984e-04
  -2.56660899e-04  -6.92732607e-04  -1.93395231e-04  -4.51654735e-04
   2.88080450e-04  -3.17643550e-04  -3.84464193e-04   1.27730492e-04
   9.56808662e-05   7.52513035e-06   4.71875210e-04   2.59087261e-04
   3.15390616e-04  -3.56572875e-04   2.84532051e-05   2.05704171e-05
  -1.49414750e-04   9.49989426e-05   6.85869015e-06   4.71116002e-04
   2.58333948e-04   3.14562353e-04  -3.57262286e-04   2.77293604e-05
   1.98820182e-05  -1.50154168e-04   9.42461744e-05   6.12280250e-06
   4.70278328e-04   2.57503021e-04   3.13650570e-04  -3.58022056e-04
   2.69325706e-05   1.91233839e-05  -1.50969895e-04   1.10980008e-04
  -2.97554385e-05   4.35796035e-04   1.75921494e-04   3.37443316e-04
  -3.62913146e-04   7.15433996e-05   4.23197618e-06  -1.66157120e-04
  -4.23986439e-04   4.18680581e-04  -1.01092856e-04  -9.06741397e-05
  -8.91425878e-05  -1.11427770e-04  -3.27560793e-04   1.44366679e-04
  -5.38985060e-05  -4.30897085e-04   4.23952418e-04  -1.37792155e-04
  -1.03171552e-04  -7.92184920e-05  -1.13833479e-04  -3.29180591e-04
   1.48177694e-04  -6.59216519e-05  -4.35565102e-04  -1.07458128e-04
   2.55359115e-04  -1.09899943e-04  -7.26003716e-04  -8.31474180e-05
   1.72339431e-04   4.62532938e-05  -6.57416656e-05  -4.31768332e-04
  -1.21247782e-04   2.83533323e-04  -9.88491234e-05  -7.22428434e-04
  -8.89885714e-05   1.27537167e-04   4.18976799e-05  -7.45288213e-05
  -9.78846058e-05  -1.41560229e-04   5.56869937e-05  -1.51479850e-04
   2.38181135e-05  -4.10880174e-04   8.36997233e-05   1.21057542e-04
  -2.96353536e-04  -1.29494379e-04  -1.27048277e-04   5.55115705e-05
  -1.50429892e-04   2.94963285e-05  -4.41745485e-04   6.35371820e-05
   1.39141619e-04  -3.25864266e-04  -1.02754616e-04  -3.34541848e-04
   7.79712430e-05  -4.57941113e-04  -1.46064116e-04  -4.95121808e-04
   6.87512203e-05   1.67899309e-04   2.09653105e-04   2.14371314e-04
   1.74037026e-04   5.55224406e-05  -4.88532062e-04  -1.52205218e-04
  -4.86377170e-04   9.12344347e-05  -3.51578440e-04  -8.10186033e-05]Example Regressor #1:  created at time 1502804299.4386935
Reading file 
File read 
Example Regressor #1: fit time: 0.052002906799316406, score time: 0.036002159118652344, acc: -0.03454802383199884
Example Regressor #1: predict call with result: [ 0.00232526]Example Regressor #1: predict call with result: [  7.40602567e-05]Example Regressor #1:  created at time 1502814885.4881809
Reading file 
File read 
Example Regressor #1: fit time: 1.2450711727142334, score time: 0.8000457286834717, acc: 0.03624556967714321
Example Regressor #1: predict call with result: [ 0.34169972]
Example Regressor #1: predict call with result: [ 0.31880788]
Example Regressor #1:  created at time 1502815927.855801
Reading file 
File read 
Example Regressor #1: fit time: 1.2200698852539062, score time: 0.8050460815429688, acc: 0.03624556967714321
Example Regressor #1: predict call with result: [ 0.31880788]
Example Regressor #1:  created at time 1502816156.676889
1
2
3
4
5
Example Regressor #1:  created at time 1502816575.5438466
1
2
3
Example Regressor #1:  created at time 1502816580.0631053
Reading file 
File read 
Example Regressor #1:  created at time 1502816650.470132
Reading file 
File read 
Example Regressor #1: fit time: 1.2400708198547363, score time: 0.8020460605621338, acc: 0.036359234527863715
1
2
3
4
5
Example Regressor #1: predict call with result: [ 0.31837203]
6
7
